TN:
SF:src/controllers/tasksController.js
FN:5,(anonymous_0)
FN:10,(anonymous_1)
FN:15,(anonymous_2)
FN:20,(anonymous_3)
FN:37,(anonymous_4)
FNF:5
FNH:5
FNDA:1,(anonymous_0)
FNDA:1,(anonymous_1)
FNDA:1,(anonymous_2)
FNDA:3,(anonymous_3)
FNDA:3,(anonymous_4)
DA:1,1
DA:2,1
DA:3,1
DA:5,1
DA:6,1
DA:7,1
DA:8,1
DA:10,1
DA:11,1
DA:12,1
DA:13,1
DA:15,1
DA:16,1
DA:17,1
DA:20,1
DA:21,3
DA:22,3
DA:23,3
DA:24,1
DA:28,2
DA:29,1
DA:32,1
DA:37,1
DA:38,3
DA:39,3
DA:40,3
DA:41,1
DA:44,2
DA:45,1
DA:48,1
DA:54,1
LF:31
LH:31
BRDA:28,0,0,1
BRDA:28,0,1,1
BRDA:44,1,0,1
BRDA:44,1,1,1
BRF:4
BRH:4
end_of_record
TN:
SF:src/middlewares/tasksValidationMiddleware.js
FN:23,(anonymous_0)
FN:43,(anonymous_1)
FNF:2
FNH:2
FNDA:3,(anonymous_0)
FNDA:3,(anonymous_1)
DA:1,1
DA:2,1
DA:4,1
DA:14,1
DA:23,1
DA:24,3
DA:25,3
DA:26,3
DA:27,2
DA:28,1
DA:30,1
DA:33,2
DA:34,1
DA:37,1
DA:43,1
DA:45,3
DA:46,3
DA:47,3
DA:48,2
DA:49,1
DA:51,1
DA:54,2
DA:55,1
DA:58,1
DA:64,1
LF:25
LH:25
BRDA:27,0,0,1
BRDA:27,0,1,1
BRDA:33,1,0,1
BRDA:33,1,1,1
BRDA:48,2,0,1
BRDA:48,2,1,1
BRDA:54,3,0,1
BRDA:54,3,1,1
BRF:8
BRH:8
end_of_record
TN:
SF:src/models/index.js
FN:21,(anonymous_0)
FN:29,(anonymous_1)
FN:34,(anonymous_2)
FNF:3
FNH:3
FNDA:4,(anonymous_0)
FNDA:2,(anonymous_1)
FNDA:2,(anonymous_2)
DA:3,2
DA:4,2
DA:5,2
DA:6,2
DA:7,2
DA:8,2
DA:9,2
DA:10,2
DA:13,2
DA:14,0
DA:16,2
DA:19,2
DA:22,4
DA:30,2
DA:31,2
DA:34,2
DA:35,2
DA:36,2
DA:40,2
DA:41,2
DA:43,2
LF:21
LH:20
BRDA:8,0,0,2
BRDA:8,0,1,0
BRDA:13,1,0,0
BRDA:13,1,1,2
BRDA:23,2,0,4
BRDA:23,2,1,4
BRDA:23,2,2,2
BRDA:23,2,3,2
BRDA:35,3,0,2
BRDA:35,3,1,0
BRF:10
BRH:7
end_of_record
TN:
SF:src/models/task.js
FN:5,(anonymous_0)
FN:12,(anonymous_1)
FNF:2
FNH:2
FNDA:2,(anonymous_0)
FNDA:2,(anonymous_1)
DA:4,2
DA:5,2
DA:16,2
DA:24,2
LF:4
LH:4
BRF:0
BRH:0
end_of_record
TN:
SF:src/services/tasksService.js
FN:5,(anonymous_0)
FN:10,(anonymous_1)
FN:15,(anonymous_2)
FN:22,(anonymous_3)
FN:33,(anonymous_4)
FNF:5
FNH:5
FNDA:1,(anonymous_0)
FNDA:1,(anonymous_1)
FNDA:1,(anonymous_2)
FNDA:2,(anonymous_3)
FNDA:2,(anonymous_4)
DA:1,2
DA:2,2
DA:3,2
DA:5,2
DA:6,1
DA:7,1
DA:10,2
DA:11,1
DA:12,1
DA:13,1
DA:15,2
DA:16,1
DA:22,2
DA:23,2
DA:28,2
DA:29,1
DA:31,1
DA:33,2
DA:34,2
DA:39,2
DA:40,2
DA:41,1
DA:43,1
DA:45,2
LF:24
LH:24
BRDA:28,0,0,1
BRDA:28,0,1,1
BRDA:40,1,0,1
BRDA:40,1,1,1
BRF:4
BRH:4
end_of_record
TN:
SF:src/utils/errors/HTTPerror.js
FN:2,(anonymous_0)
FNF:1
FNH:1
FNDA:6,(anonymous_0)
DA:3,6
DA:4,6
DA:5,6
DA:9,3
LF:4
LH:4
BRF:0
BRH:0
end_of_record
